SF:lib/domain.dart
DA:16,0
DA:18,0
DA:20,0
DA:22,0
DA:23,0
LF:5
LH:0
end_of_record
SF:lib/services/local_database/_local_database.dart
DA:15,9
DA:23,1
DA:24,2
DA:26,2
DA:32,0
DA:34,0
DA:35,0
DA:36,0
DA:40,0
DA:42,0
DA:45,0
DA:47,0
DA:50,0
DA:53,0
DA:54,0
DA:55,0
DA:62,3
DA:64,3
DA:65,3
DA:67,6
DA:73,0
DA:74,0
DA:75,0
DA:79,0
DA:83,0
DA:84,0
DA:87,0
DA:88,0
DA:91,0
DA:93,0
DA:94,0
DA:96,0
DA:100,0
DA:101,0
DA:104,0
DA:105,0
DA:108,0
DA:109,0
DA:112,0
DA:113,0
DA:116,0
DA:117,0
DA:120,0
DA:121,0
DA:124,0
DA:125,0
DA:128,1
DA:129,1
DA:130,1
DA:131,0
DA:135,1
DA:136,0
DA:138,2
DA:142,0
DA:143,0
DA:146,0
DA:147,0
DA:151,0
DA:152,0
DA:157,0
DA:164,1
LF:61
LH:14
end_of_record
SF:lib/data/local_data_sources/category/category_local_data_source.dart
DA:10,1
DA:13,0
DA:15,1
DA:16,4
DA:19,0
DA:22,0
DA:24,0
DA:25,0
DA:28,0
DA:30,0
DA:31,0
DA:34,1
DA:38,0
DA:39,0
DA:43,1
DA:44,2
DA:45,4
DA:49,0
DA:50,0
DA:53,0
DA:56,0
DA:58,0
DA:59,0
LF:23
LH:7
end_of_record
SF:lib/data/models/local/category/category_local.dart
DA:12,5
DA:18,2
DA:19,1
DA:20,1
DA:21,1
LF:5
LH:5
end_of_record
SF:lib/data/local_data_sources/product/product_local_data_source.dart
DA:10,0
DA:13,0
DA:15,0
DA:16,0
DA:18,0
DA:21,0
DA:23,0
DA:24,0
DA:27,0
DA:29,0
DA:30,0
DA:33,0
DA:37,0
DA:38,0
DA:42,0
DA:43,0
DA:44,0
DA:48,0
DA:49,0
DA:52,0
DA:55,0
DA:57,0
DA:58,0
LF:23
LH:0
end_of_record
SF:lib/data/models/local/product/product_local.dart
DA:10,0
DA:19,0
DA:20,0
DA:21,0
DA:22,0
DA:23,0
DA:24,0
LF:7
LH:0
end_of_record
SF:lib/data/models/local/category/i_category.dart
DA:2,5
LF:1
LH:1
end_of_record
SF:lib/data/models/local/product/i_product.dart
DA:2,0
LF:1
LH:0
end_of_record
SF:lib/data/models/remote/base_error.dart
DA:4,3
DA:15,0
DA:17,0
DA:18,0
DA:22,0
DA:24,0
DA:26,0
DA:34,0
DA:36,0
DA:38,0
DA:40,0
DA:41,0
DA:46,0
DA:48,0
DA:50,0
DA:52,0
DA:54,0
LF:17
LH:1
end_of_record
SF:lib/data/models/remote/base_model.dart
DA:8,2
DA:12,0
DA:16,0
DA:20,0
DA:21,0
DA:23,0
DA:24,0
LF:7
LH:1
end_of_record
SF:lib/data/models/remote/base_model.g.dart
DA:9,0
DA:13,0
DA:14,0
DA:15,0
DA:18,0
DA:22,0
DA:23,0
DA:24,0
DA:27,0
DA:31,0
DA:33,0
DA:37,0
LF:12
LH:0
end_of_record
SF:lib/data/models/remote/category/category.dart
DA:13,4
DA:14,4
DA:16,0
DA:17,0
LF:4
LH:2
end_of_record
SF:lib/data/models/remote/category/category.g.dart
DA:9,4
DA:10,4
DA:11,4
DA:12,4
DA:15,0
DA:17,0
DA:18,0
DA:19,0
LF:8
LH:4
end_of_record
SF:lib/data/models/remote/product/product.dart
DA:15,0
DA:16,0
DA:18,0
DA:19,0
DA:20,0
DA:21,0
DA:22,0
LF:7
LH:0
end_of_record
SF:lib/data/models/remote/product/product.g.dart
DA:9,0
DA:10,0
DA:11,0
DA:12,0
DA:13,0
DA:14,0
DA:17,0
DA:18,0
DA:19,0
DA:20,0
DA:21,0
DA:22,0
LF:12
LH:0
end_of_record
SF:lib/data/remote_data_sources/category/category_remote_data_source.dart
DA:9,2
DA:13,1
DA:15,2
DA:17,2
DA:18,2
DA:19,1
DA:20,2
DA:21,1
DA:22,1
LF:9
LH:9
end_of_record
SF:lib/services/networks/api_client.g.dart
DA:12,1
DA:21,0
DA:23,0
DA:24,0
DA:25,0
DA:27,0
DA:28,0
DA:33,0
DA:34,0
DA:39,0
DA:40,0
DA:41,0
DA:42,0
DA:44,0
DA:45,0
DA:46,0
DA:48,0
DA:49,0
DA:50,0
DA:51,0
DA:56,0
DA:58,0
DA:59,0
DA:60,0
DA:62,0
DA:63,0
DA:68,0
DA:69,0
DA:70,0
DA:74,0
DA:75,0
DA:76,0
DA:77,0
DA:79,0
DA:80,0
DA:81,0
DA:83,0
DA:84,0
DA:85,0
DA:86,0
DA:91,0
DA:92,0
DA:93,0
DA:94,0
DA:95,0
DA:96,0
DA:98,0
DA:104,0
DA:108,0
DA:112,0
DA:114,0
DA:115,0
DA:118,0
LF:53
LH:1
end_of_record
SF:lib/data/remote_data_sources/product/product_remote_data_source.dart
DA:7,0
DA:11,0
DA:13,0
DA:14,0
DA:15,0
DA:16,0
DA:17,0
DA:18,0
DA:19,0
DA:28,0
DA:32,0
DA:33,0
DA:34,0
DA:35,0
DA:36,0
DA:37,0
DA:40,0
DA:41,0
LF:18
LH:0
end_of_record
SF:lib/services/dependency_injection/service_locator.dart
DA:15,12
DA:17,0
DA:18,0
DA:20,0
DA:21,0
DA:23,0
DA:28,0
DA:29,0
DA:30,0
DA:38,0
DA:39,0
DA:40,0
DA:44,0
DA:50,0
DA:51,0
DA:53,0
DA:54,0
DA:56,0
DA:57,0
DA:60,4
DA:63,3
DA:65,6
DA:66,3
DA:69,8
LF:24
LH:6
end_of_record
SF:lib/models/category_model.dart
DA:14,3
DA:20,2
DA:21,1
DA:22,1
DA:24,4
DA:25,2
DA:26,2
DA:29,1
DA:30,1
LF:9
LH:9
end_of_record
SF:lib/models/product_model.dart
DA:21,0
DA:22,0
DA:23,0
DA:24,0
DA:25,0
DA:27,0
DA:28,0
DA:29,0
DA:30,0
DA:31,0
LF:10
LH:0
end_of_record
SF:lib/repositories/category/category_repository.dart
DA:15,2
DA:20,1
DA:27,2
DA:29,0
DA:32,1
DA:35,2
DA:36,2
DA:37,2
DA:38,1
DA:39,1
DA:40,2
DA:41,1
DA:43,1
DA:47,1
DA:48,3
DA:53,0
DA:54,0
DA:55,0
DA:56,0
DA:59,0
LF:20
LH:14
end_of_record
SF:lib/repositories/product/product_repository.dart
DA:13,0
DA:18,0
DA:26,0
DA:28,0
DA:31,0
DA:34,0
DA:35,0
DA:36,0
DA:37,0
DA:39,0
DA:40,0
DA:41,0
DA:42,0
DA:44,0
DA:48,0
DA:49,0
DA:54,0
DA:55,0
DA:56,0
DA:57,0
DA:60,0
DA:64,0
DA:66,0
DA:68,0
DA:69,0
DA:70,0
DA:71,0
DA:74,0
LF:28
LH:0
end_of_record
SF:lib/use_cases/category/category_use_case.dart
DA:7,2
DA:11,1
DA:15,2
LF:3
LH:3
end_of_record
SF:lib/use_cases/product/product_use_case.dart
DA:7,0
DA:11,0
DA:16,0
LF:3
LH:0
end_of_record
SF:lib/services/local_database/share_preference/share_preference_helper.dart
DA:7,0
DA:11,0
DA:13,0
DA:19,0
DA:20,0
DA:23,0
DA:24,0
DA:27,0
DA:30,0
DA:31,0
DA:34,0
DA:35,0
DA:38,0
DA:41,0
DA:42,0
DA:45,0
DA:48,0
DA:51,0
DA:54,0
DA:55,0
DA:58,0
DA:59,0
DA:62,0
DA:65,0
DA:69,0
DA:72,0
DA:73,0
DA:74,0
DA:77,0
DA:78,0
DA:81,0
DA:84,0
DA:85,0
DA:87,0
DA:90,0
DA:93,0
DA:94,0
DA:96,0
DA:101,0
LF:39
LH:0
end_of_record
