SF:lib/data/models/local/category/category_local.dart
DA:12,1
DA:18,0
DA:19,0
DA:20,0
DA:21,0
LF:5
LH:1
end_of_record
SF:lib/data/models/local/category/i_category.dart
DA:2,1
LF:1
LH:1
end_of_record
SF:lib/data/models/local/product/product_local.dart
DA:10,0
DA:19,0
DA:20,0
DA:21,0
DA:22,0
DA:23,0
DA:24,0
LF:7
LH:0
end_of_record
SF:lib/data/models/local/product/i_product.dart
DA:2,0
LF:1
LH:0
end_of_record
SF:lib/data/models/remote/base_error.dart
DA:4,0
DA:15,0
DA:17,0
DA:18,0
DA:22,0
DA:24,0
DA:26,0
DA:34,0
DA:36,0
DA:38,0
DA:40,0
DA:41,0
DA:46,0
DA:48,0
DA:50,0
DA:52,0
DA:54,0
LF:17
LH:0
end_of_record
SF:lib/data/models/remote/base_model.dart
DA:8,0
DA:12,0
DA:16,0
DA:20,0
DA:21,0
DA:23,0
DA:24,0
LF:7
LH:0
end_of_record
SF:lib/data/models/remote/base_model.g.dart
DA:9,0
DA:13,0
DA:14,0
DA:15,0
DA:18,0
DA:22,0
DA:23,0
DA:24,0
DA:27,0
DA:31,0
DA:33,0
DA:37,0
LF:12
LH:0
end_of_record
SF:lib/data/models/remote/category/category.dart
DA:13,1
DA:14,1
DA:16,0
DA:17,0
LF:4
LH:2
end_of_record
SF:lib/data/models/remote/category/category.g.dart
DA:9,1
DA:10,1
DA:11,2
DA:12,1
DA:15,0
DA:17,0
DA:18,0
DA:19,0
LF:8
LH:4
end_of_record
SF:lib/data/models/remote/product/product.dart
DA:15,0
DA:16,0
DA:18,0
DA:19,0
DA:20,0
DA:21,0
DA:22,0
LF:7
LH:0
end_of_record
SF:lib/data/models/remote/product/product.g.dart
DA:9,0
DA:10,0
DA:11,0
DA:12,0
DA:13,0
DA:14,0
DA:17,0
DA:18,0
DA:19,0
DA:20,0
DA:21,0
DA:22,0
LF:12
LH:0
end_of_record
