SF:lib/core/services/dependency_injection/service_locator.dart
DA:10,9
DA:12,0
DA:18,0
DA:19,0
DA:22,3
DA:25,6
DA:26,6
LF:7
LH:4
end_of_record
SF:lib/feature/home/bloc/home_bloc.dart
DA:18,6
DA:19,6
DA:20,3
DA:21,3
DA:22,3
DA:24,3
DA:26,6
DA:28,3
DA:29,3
DA:30,3
DA:33,3
DA:34,3
DA:36,3
DA:38,6
DA:39,0
DA:40,3
DA:48,6
DA:49,6
DA:50,12
DA:60,3
DA:61,3
DA:63,0
DA:64,0
DA:78,3
DA:79,9
DA:80,9
DA:82,3
DA:83,6
DA:86,6
DA:90,8
DA:91,8
DA:92,0
DA:93,0
DA:94,0
DA:95,0
DA:100,3
DA:107,6
DA:108,3
DA:109,6
DA:116,2
DA:117,10
LF:41
LH:34
end_of_record
SF:lib/feature/app/cubit/app_cubit.dart
DA:9,0
DA:10,0
DA:11,0
LF:3
LH:0
end_of_record
SF:lib/feature/product/widget/product_item/bloc/product_item_bloc.dart
DA:13,6
DA:14,5
DA:15,2
DA:16,2
DA:17,4
DA:19,2
DA:20,2
DA:22,2
DA:24,2
DA:25,6
DA:27,4
DA:28,0
DA:29,6
DA:35,0
DA:36,0
DA:39,2
DA:40,10
DA:41,2
DA:45,2
LF:19
LH:16
end_of_record
SF:lib/core/router/router.dart
DA:18,2
DA:19,6
DA:20,4
DA:21,2
DA:22,1
DA:23,2
DA:29,6
DA:43,2
DA:48,2
DA:50,2
DA:51,8
DA:58,0
DA:60,0
DA:61,0
DA:62,0
DA:68,0
DA:70,0
DA:71,0
DA:72,0
DA:78,0
DA:80,0
DA:81,0
DA:82,0
DA:88,0
DA:90,0
DA:91,0
DA:92,0
LF:27
LH:11
end_of_record
SF:lib/core/router/router.g.dart
DA:9,4
DA:10,2
DA:13,4
DA:16,2
DA:17,2
DA:21,2
DA:25,2
DA:29,2
DA:37,4
DA:39,0
DA:43,0
DA:45,0
DA:47,0
DA:48,0
DA:50,0
DA:54,0
DA:55,0
DA:58,0
DA:60,0
DA:61,0
DA:65,0
DA:67,0
DA:69,0
DA:70,0
DA:72,0
DA:76,0
DA:77,0
DA:80,0
DA:82,0
DA:83,0
DA:87,0
DA:89,0
DA:91,0
DA:92,0
DA:94,0
DA:98,0
DA:99,0
DA:102,0
DA:104,0
DA:105,0
DA:109,0
DA:111,0
DA:113,0
DA:114,0
DA:116,0
DA:120,0
DA:121,0
DA:124,0
DA:126,0
DA:127,0
DA:131,0
DA:133,0
DA:135,0
DA:136,0
DA:138,0
LF:55
LH:9
end_of_record
SF:lib/feature/app/app.dart
DA:14,2
DA:16,2
DA:17,2
DA:22,0
DA:24,0
DA:25,0
DA:29,0
DA:31,0
DA:32,0
DA:34,0
DA:37,0
DA:39,0
DA:40,0
DA:41,0
DA:42,0
DA:43,0
DA:44,0
DA:45,0
DA:53,0
DA:54,0
LF:20
LH:3
end_of_record
SF:lib/feature/app/cubit/app_state.dart
LF:0
LH:0
end_of_record
SF:lib/feature/home/bloc/home_state.dart
LF:0
LH:0
end_of_record
SF:lib/feature/home/bloc/home_event.dart
LF:0
LH:0
end_of_record
SF:lib/feature/product/widget/product_item/bloc/product_item_state.dart
LF:0
LH:0
end_of_record
SF:lib/core/common/scaffold_base/scaffold_base.dart
DA:3,6
DA:4,2
DA:6,2
DA:7,0
DA:8,2
DA:9,2
DA:11,2
DA:12,0
DA:14,2
DA:16,2
DA:17,0
DA:19,2
DA:21,2
DA:22,0
DA:26,2
DA:28,2
DA:29,0
DA:30,2
DA:31,2
DA:33,2
DA:34,0
DA:36,2
DA:38,2
DA:39,0
DA:41,2
DA:43,2
DA:44,0
DA:51,2
DA:64,2
DA:66,2
DA:67,2
DA:68,2
DA:70,2
DA:71,0
DA:72,2
DA:74,2
DA:76,2
DA:77,0
DA:78,2
DA:79,2
DA:81,2
DA:82,0
DA:84,2
DA:86,2
DA:87,0
DA:91,2
DA:93,2
DA:94,0
DA:96,2
DA:98,2
DA:99,0
DA:102,2
DA:104,2
DA:105,0
DA:108,2
DA:110,2
DA:111,0
DA:115,2
DA:116,6
DA:117,2
DA:118,2
DA:119,2
LF:62
LH:46
end_of_record
SF:lib/core/common/footer/footer.dart
DA:4,2
DA:6,2
DA:8,2
DA:9,2
DA:10,4
DA:13,2
DA:14,2
DA:15,2
DA:16,2
DA:19,2
DA:21,2
DA:22,2
DA:24,2
DA:25,2
DA:26,6
DA:29,4
DA:30,2
DA:32,2
DA:33,2
DA:34,2
DA:35,2
DA:36,8
DA:39,2
DA:40,4
DA:47,2
DA:50,2
DA:52,2
DA:53,2
DA:55,2
DA:56,2
DA:57,6
DA:60,2
DA:61,2
DA:62,2
LF:34
LH:34
end_of_record
SF:lib/core/router/router_path.dart
DA:2,0
DA:23,2
DA:25,2
DA:26,0
DA:27,0
DA:28,0
DA:29,0
DA:30,0
DA:31,0
LF:9
LH:2
end_of_record
SF:lib/core/utils/extensions/router_ext.dart
DA:4,0
DA:8,0
DA:12,0
DA:13,0
DA:14,0
DA:15,0
DA:16,8
DA:20,6
LF:8
LH:2
end_of_record
SF:lib/feature/home/home_screen.dart
DA:13,2
DA:15,2
DA:16,2
DA:20,6
DA:21,2
DA:23,2
DA:24,2
DA:25,2
DA:26,0
DA:27,0
DA:29,2
DA:32,0
DA:35,2
DA:40,2
DA:41,2
DA:42,2
DA:43,2
DA:44,2
DA:45,2
DA:46,4
DA:47,2
DA:48,4
DA:49,0
DA:50,4
DA:52,0
DA:53,6
DA:54,2
DA:55,2
DA:56,2
DA:59,2
DA:60,4
DA:61,6
DA:62,2
DA:67,2
DA:75,2
DA:76,2
DA:86,2
DA:90,2
DA:92,2
DA:93,2
DA:94,8
LF:41
LH:36
end_of_record
SF:lib/core/services/firebase/notifications/firebase_core_app.dart
DA:22,0
DA:30,0
DA:31,0
DA:32,0
DA:33,0
DA:34,0
DA:35,0
DA:36,0
DA:49,0
DA:50,0
DA:51,0
DA:52,0
DA:53,0
DA:54,0
DA:55,0
DA:59,0
DA:60,0
DA:61,0
DA:62,0
DA:64,0
DA:65,0
DA:68,0
DA:69,0
DA:71,0
DA:76,0
DA:78,0
DA:80,0
DA:81,0
DA:82,0
DA:85,0
DA:88,0
DA:89,0
DA:90,0
DA:91,0
DA:94,0
DA:95,0
DA:96,0
DA:99,0
DA:103,0
DA:104,0
DA:107,0
DA:108,0
DA:110,0
DA:111,0
DA:112,0
DA:119,0
DA:120,0
DA:123,0
DA:127,0
DA:128,0
DA:129,0
DA:132,0
DA:135,0
DA:136,0
DA:138,0
DA:139,0
DA:140,0
DA:147,0
DA:148,0
DA:153,0
DA:154,0
DA:156,0
DA:157,0
DA:158,0
DA:162,0
DA:163,0
DA:165,0
DA:166,0
DA:167,0
DA:168,0
DA:172,0
DA:179,0
DA:181,0
DA:182,0
DA:183,0
DA:184,0
DA:185,0
DA:186,0
DA:189,0
DA:190,0
DA:191,0
DA:192,0
DA:198,0
DA:200,0
DA:201,0
DA:202,0
DA:203,0
DA:208,0
DA:209,0
DA:210,0
DA:212,0
DA:214,0
DA:224,0
DA:225,0
DA:228,0
DA:229,0
DA:230,0
DA:231,0
DA:232,0
DA:233,0
DA:237,0
DA:243,0
DA:244,0
DA:245,0
DA:246,0
DA:247,0
DA:250,0
DA:251,0
DA:252,0
DA:253,0
DA:254,0
LF:111
LH:0
end_of_record
SF:lib/core/services/notification/notification_in_app.dart
DA:7,0
DA:21,0
DA:23,0
DA:25,0
DA:29,0
DA:33,0
DA:34,0
DA:36,0
DA:41,0
DA:45,0
DA:46,0
DA:47,0
DA:48,0
DA:53,0
DA:54,0
DA:61,0
DA:65,0
DA:70,0
DA:71,0
DA:78,0
DA:79,0
DA:81,0
DA:83,0
DA:85,0
DA:86,0
DA:87,0
DA:92,0
DA:94,0
DA:96,0
DA:97,0
DA:99,0
DA:100,0
DA:101,0
DA:102,0
DA:104,0
DA:106,0
DA:107,0
DA:109,0
DA:110,0
DA:111,0
DA:112,0
DA:113,0
DA:114,0
DA:115,0
DA:117,0
DA:119,0
DA:120,0
DA:134,0
DA:135,0
DA:136,0
DA:137,0
DA:138,0
DA:139,0
DA:140,0
DA:141,0
DA:142,0
DA:150,0
DA:151,0
DA:152,0
DA:153,0
LF:60
LH:0
end_of_record
SF:lib/feature/product/widget/product_item/product_item.dart
DA:9,2
DA:17,2
DA:18,2
DA:22,2
DA:24,12
DA:25,2
DA:28,2
DA:30,2
DA:31,2
DA:35,2
DA:36,2
DA:38,2
DA:39,6
DA:41,6
DA:44,2
DA:45,2
DA:46,6
DA:47,2
DA:48,2
DA:49,2
DA:50,2
DA:56,0
DA:58,0
DA:59,0
DA:60,0
DA:65,4
DA:66,2
DA:67,2
DA:68,2
DA:71,2
DA:72,2
DA:73,2
DA:74,2
DA:75,2
DA:76,2
DA:80,2
DA:81,2
DA:82,6
DA:84,2
DA:85,2
DA:86,6
LF:41
LH:37
end_of_record
