SF:lib/common.dart
DA:10,2
LF:1
LH:1
end_of_record
SF:lib/system/themes/themes.dart
DA:7,5
DA:13,1
DA:18,1
DA:28,1
DA:34,1
DA:35,1
DA:36,1
DA:37,1
DA:41,1
DA:46,1
DA:49,1
DA:50,3
DA:51,3
DA:52,3
DA:63,1
DA:72,2
DA:73,1
DA:74,1
DA:75,1
DA:76,1
DA:77,1
DA:78,1
DA:88,1
DA:97,1
DA:98,1
DA:99,1
DA:100,1
DA:101,1
DA:102,1
DA:103,1
DA:107,1
DA:112,1
DA:115,1
DA:116,3
DA:117,3
DA:118,3
DA:119,3
DA:120,3
DA:121,3
DA:127,1
DA:128,3
DA:130,1
DA:131,1
DA:133,3
DA:137,3
DA:139,1
DA:140,1
DA:142,3
LF:48
LH:48
end_of_record
SF:lib/system/widgets/app_bar/app_bar.dart
DA:8,0
DA:26,0
DA:27,0
DA:30,0
DA:31,0
DA:36,0
DA:49,0
DA:50,0
DA:52,0
DA:53,0
DA:57,0
DA:59,0
DA:60,0
DA:61,0
DA:62,0
DA:63,0
DA:64,0
DA:65,0
DA:69,0
DA:70,0
DA:72,0
DA:73,0
DA:74,0
DA:75,0
DA:76,0
DA:77,0
DA:79,0
DA:84,0
DA:85,0
DA:86,0
DA:87,0
DA:88,0
DA:89,0
DA:94,0
DA:95,0
DA:96,0
DA:98,0
DA:99,0
DA:100,0
DA:101,0
DA:104,0
DA:105,0
DA:106,0
DA:111,0
DA:112,0
DA:113,0
DA:115,0
DA:125,0
DA:126,0
DA:130,0
DA:131,0
DA:132,0
DA:136,0
DA:137,0
DA:138,0
DA:139,0
DA:140,0
DA:142,0
DA:147,0
DA:156,0
DA:157,0
DA:158,0
DA:159,0
DA:160,0
DA:161,0
DA:162,0
DA:163,0
DA:165,0
DA:167,0
DA:168,0
DA:169,0
LF:71
LH:0
end_of_record
SF:lib/system/widgets/base_scaffold/base_scaffold.dart
DA:7,0
DA:24,0
DA:25,0
DA:26,0
DA:28,0
DA:35,0
DA:36,0
DA:37,0
DA:38,0
DA:39,0
DA:41,0
DA:42,0
DA:44,0
DA:45,0
DA:46,0
DA:48,0
DA:50,0
DA:51,0
DA:52,0
DA:53,0
DA:54,0
DA:56,0
DA:57,0
DA:59,0
DA:60,0
DA:61,0
DA:63,0
DA:68,0
DA:69,0
DA:70,0
DA:71,0
DA:72,0
DA:73,0
DA:78,0
DA:97,0
DA:99,0
DA:100,0
DA:101,0
DA:102,0
DA:103,0
DA:104,0
DA:105,0
DA:106,0
DA:107,0
DA:108,0
DA:109,0
LF:46
LH:0
end_of_record
SF:lib/utils/extensions/list_ext.dart
DA:2,1
DA:3,1
DA:6,1
DA:7,1
LF:4
LH:4
end_of_record
SF:lib/utils/extensions/string_ext.dart
DA:4,1
LF:1
LH:1
end_of_record
SF:lib/utils/extensions/theme_ext.dart
DA:4,1
DA:5,1
DA:8,1
DA:9,1
DA:14,2
LF:5
LH:5
end_of_record
